Using 16bit Automatic Mixed Precision (AMP)
GPU available: True (cuda), used: True
TPU available: False, using: 0 TPU cores
HPU available: False, using: 0 HPUs
Starting training from scratch.
Initializing distributed: GLOBAL_RANK: 0, MEMBER: 1/2
----------------------------------------------------------------------------------------------------
distributed_backend=nccl
All distributed processes registered. Starting with 2 processes
----------------------------------------------------------------------------------------------------

LOCAL_RANK: 0 - CUDA_VISIBLE_DEVICES: [0,1]

  | Name    | Type         | Params | Mode
-------------------------------------------------
0 | student | ModelWrapper | 25.6 M | train
1 | teacher | DINOv2ViT    | 1.1 B  | train
2 | loss_fn | ScaleKD      | 141 M  | train
-------------------------------------------------
167 M     Trainable params
1.1 B     Non-trainable params
1.3 B     Total params
5,215.824 Total estimated model params size (MB)
789       Modules in train mode
0         Modules in eval mode
Epoch 0:   0%|                                                                                                    | 0/29 [00:00<?, ?it/s]
[rank0]: Traceback (most recent call last):
[rank0]:   File "/home/arda/miniconda3/envs/distillation/lib/python3.10/site-packages/torch/utils/data/dataloader.py", line 1243, in _try_get_data
[rank0]:     data = self._data_queue.get(timeout=timeout)
[rank0]:   File "/home/arda/miniconda3/envs/distillation/lib/python3.10/multiprocessing/queues.py", line 113, in get
[rank0]:     if not self._poll(timeout):
[rank0]:   File "/home/arda/miniconda3/envs/distillation/lib/python3.10/multiprocessing/connection.py", line 257, in poll
[rank0]:     return self._poll(timeout)
[rank0]:   File "/home/arda/miniconda3/envs/distillation/lib/python3.10/multiprocessing/connection.py", line 424, in _poll
[rank0]:     r = wait([self], timeout)
[rank0]:   File "/home/arda/miniconda3/envs/distillation/lib/python3.10/multiprocessing/connection.py", line 931, in wait
[rank0]:     ready = selector.select(timeout)
[rank0]:   File "/home/arda/miniconda3/envs/distillation/lib/python3.10/selectors.py", line 416, in select
[rank0]:     fd_event_list = self._selector.poll(timeout)
[rank0]:   File "/home/arda/miniconda3/envs/distillation/lib/python3.10/site-packages/torch/utils/data/_utils/signal_handling.py", line 73, in handler
[rank0]:     _error_if_any_worker_fails()
[rank0]: RuntimeError: DataLoader worker (pid 4038531) is killed by signal: Killed.

[rank0]: The above exception was the direct cause of the following exception:

[rank0]: Traceback (most recent call last):
[rank0]:   File "/storage/disk0/arda/dinov2/distillation/train.py", line 200, in <module>
[rank0]:     main()
[rank0]:   File "/storage/disk0/arda/dinov2/distillation/train.py", line 196, in main
[rank0]:     trainer.train()
[rank0]:   File "/storage/disk0/arda/dinov2/distillation/train.py", line 157, in train
[rank0]:     self.trainer.fit(self.distillation_module, self.data_module)
[rank0]:   File "/home/arda/miniconda3/envs/distillation/lib/python3.10/site-packages/lightning/pytorch/trainer/trainer.py", line 538, in fit
[rank0]:     call._call_and_handle_interrupt(
[rank0]:   File "/home/arda/miniconda3/envs/distillation/lib/python3.10/site-packages/lightning/pytorch/trainer/call.py", line 46, in _call_and_handle_interrupt
[rank0]:     return trainer.strategy.launcher.launch(trainer_fn, *args, trainer=trainer, **kwargs)
[rank0]:   File "/home/arda/miniconda3/envs/distillation/lib/python3.10/site-packages/lightning/pytorch/strategies/launchers/subprocess_script.py", line 105, in launch
[rank0]:     return function(*args, **kwargs)
[rank0]:   File "/home/arda/miniconda3/envs/distillation/lib/python3.10/site-packages/lightning/pytorch/trainer/trainer.py", line 574, in _fit_impl
[rank0]:     self._run(model, ckpt_path=ckpt_path)
[rank0]:   File "/home/arda/miniconda3/envs/distillation/lib/python3.10/site-packages/lightning/pytorch/trainer/trainer.py", line 981, in _run
[rank0]:     results = self._run_stage()
[rank0]:   File "/home/arda/miniconda3/envs/distillation/lib/python3.10/site-packages/lightning/pytorch/trainer/trainer.py", line 1025, in _run_stage
[rank0]:     self.fit_loop.run()
[rank0]:   File "/home/arda/miniconda3/envs/distillation/lib/python3.10/site-packages/lightning/pytorch/loops/fit_loop.py", line 205, in run
[rank0]:     self.advance()
[rank0]:   File "/home/arda/miniconda3/envs/distillation/lib/python3.10/site-packages/lightning/pytorch/loops/fit_loop.py", line 363, in advance
[rank0]:     self.epoch_loop.run(self._data_fetcher)
[rank0]:   File "/home/arda/miniconda3/envs/distillation/lib/python3.10/site-packages/lightning/pytorch/loops/training_epoch_loop.py", line 140, in run
[rank0]:     self.advance(data_fetcher)
[rank0]:   File "/home/arda/miniconda3/envs/distillation/lib/python3.10/site-packages/lightning/pytorch/loops/training_epoch_loop.py", line 212, in advance
[rank0]:     batch, _, __ = next(data_fetcher)
[rank0]:   File "/home/arda/miniconda3/envs/distillation/lib/python3.10/site-packages/lightning/pytorch/loops/fetchers.py", line 133, in __next__
[rank0]:     batch = super().__next__()
[rank0]:   File "/home/arda/miniconda3/envs/distillation/lib/python3.10/site-packages/lightning/pytorch/loops/fetchers.py", line 60, in __next__
[rank0]:     batch = next(self.iterator)
[rank0]:   File "/home/arda/miniconda3/envs/distillation/lib/python3.10/site-packages/lightning/pytorch/utilities/combined_loader.py", line 341, in __next__
[rank0]:     out = next(self._iterator)
[rank0]:   File "/home/arda/miniconda3/envs/distillation/lib/python3.10/site-packages/lightning/pytorch/utilities/combined_loader.py", line 78, in __next__
[rank0]:     out[i] = next(self.iterators[i])
[rank0]:   File "/home/arda/miniconda3/envs/distillation/lib/python3.10/site-packages/torch/utils/data/dataloader.py", line 701, in __next__
[rank0]:     data = self._next_data()
[rank0]:   File "/home/arda/miniconda3/envs/distillation/lib/python3.10/site-packages/torch/utils/data/dataloader.py", line 1448, in _next_data
[rank0]:     idx, data = self._get_data()
[rank0]:   File "/home/arda/miniconda3/envs/distillation/lib/python3.10/site-packages/torch/utils/data/dataloader.py", line 1412, in _get_data
[rank0]:     success, data = self._try_get_data()
[rank0]:   File "/home/arda/miniconda3/envs/distillation/lib/python3.10/site-packages/torch/utils/data/dataloader.py", line 1256, in _try_get_data
[rank0]:     raise RuntimeError(
[rank0]: RuntimeError: DataLoader worker (pid(s) 4038531) exited unexpectedly
[rank0]: Traceback (most recent call last):
[rank0]:   File "/home/arda/miniconda3/envs/distillation/lib/python3.10/site-packages/torch/utils/data/dataloader.py", line 1243, in _try_get_data
[rank0]:     data = self._data_queue.get(timeout=timeout)
[rank0]:   File "/home/arda/miniconda3/envs/distillation/lib/python3.10/multiprocessing/queues.py", line 113, in get
[rank0]:     if not self._poll(timeout):
[rank0]:   File "/home/arda/miniconda3/envs/distillation/lib/python3.10/multiprocessing/connection.py", line 257, in poll
[rank0]:     return self._poll(timeout)
[rank0]:   File "/home/arda/miniconda3/envs/distillation/lib/python3.10/multiprocessing/connection.py", line 424, in _poll
[rank0]:     r = wait([self], timeout)
[rank0]:   File "/home/arda/miniconda3/envs/distillation/lib/python3.10/multiprocessing/connection.py", line 931, in wait
[rank0]:     ready = selector.select(timeout)
[rank0]:   File "/home/arda/miniconda3/envs/distillation/lib/python3.10/selectors.py", line 416, in select
[rank0]:     fd_event_list = self._selector.poll(timeout)
[rank0]:   File "/home/arda/miniconda3/envs/distillation/lib/python3.10/site-packages/torch/utils/data/_utils/signal_handling.py", line 73, in handler
[rank0]:     _error_if_any_worker_fails()
[rank0]: RuntimeError: DataLoader worker (pid 4038531) is killed by signal: Killed.

[rank0]: The above exception was the direct cause of the following exception:

[rank0]: Traceback (most recent call last):
[rank0]:   File "/storage/disk0/arda/dinov2/distillation/train.py", line 200, in <module>
[rank0]:     main()
[rank0]:   File "/storage/disk0/arda/dinov2/distillation/train.py", line 196, in main
[rank0]:     trainer.train()
[rank0]:   File "/storage/disk0/arda/dinov2/distillation/train.py", line 157, in train
[rank0]:     self.trainer.fit(self.distillation_module, self.data_module)
[rank0]:   File "/home/arda/miniconda3/envs/distillation/lib/python3.10/site-packages/lightning/pytorch/trainer/trainer.py", line 538, in fit
[rank0]:     call._call_and_handle_interrupt(
[rank0]:   File "/home/arda/miniconda3/envs/distillation/lib/python3.10/site-packages/lightning/pytorch/trainer/call.py", line 46, in _call_and_handle_interrupt
[rank0]:     return trainer.strategy.launcher.launch(trainer_fn, *args, trainer=trainer, **kwargs)
[rank0]:   File "/home/arda/miniconda3/envs/distillation/lib/python3.10/site-packages/lightning/pytorch/strategies/launchers/subprocess_script.py", line 105, in launch
[rank0]:     return function(*args, **kwargs)
[rank0]:   File "/home/arda/miniconda3/envs/distillation/lib/python3.10/site-packages/lightning/pytorch/trainer/trainer.py", line 574, in _fit_impl
[rank0]:     self._run(model, ckpt_path=ckpt_path)
[rank0]:   File "/home/arda/miniconda3/envs/distillation/lib/python3.10/site-packages/lightning/pytorch/trainer/trainer.py", line 981, in _run
[rank0]:     results = self._run_stage()
[rank0]:   File "/home/arda/miniconda3/envs/distillation/lib/python3.10/site-packages/lightning/pytorch/trainer/trainer.py", line 1025, in _run_stage
[rank0]:     self.fit_loop.run()
[rank0]:   File "/home/arda/miniconda3/envs/distillation/lib/python3.10/site-packages/lightning/pytorch/loops/fit_loop.py", line 205, in run
[rank0]:     self.advance()
[rank0]:   File "/home/arda/miniconda3/envs/distillation/lib/python3.10/site-packages/lightning/pytorch/loops/fit_loop.py", line 363, in advance
[rank0]:     self.epoch_loop.run(self._data_fetcher)
[rank0]:   File "/home/arda/miniconda3/envs/distillation/lib/python3.10/site-packages/lightning/pytorch/loops/training_epoch_loop.py", line 140, in run
[rank0]:     self.advance(data_fetcher)
[rank0]:   File "/home/arda/miniconda3/envs/distillation/lib/python3.10/site-packages/lightning/pytorch/loops/training_epoch_loop.py", line 212, in advance
[rank0]:     batch, _, __ = next(data_fetcher)
[rank0]:   File "/home/arda/miniconda3/envs/distillation/lib/python3.10/site-packages/lightning/pytorch/loops/fetchers.py", line 133, in __next__
[rank0]:     batch = super().__next__()
[rank0]:   File "/home/arda/miniconda3/envs/distillation/lib/python3.10/site-packages/lightning/pytorch/loops/fetchers.py", line 60, in __next__
[rank0]:     batch = next(self.iterator)
[rank0]:   File "/home/arda/miniconda3/envs/distillation/lib/python3.10/site-packages/lightning/pytorch/utilities/combined_loader.py", line 341, in __next__
[rank0]:     out = next(self._iterator)
[rank0]:   File "/home/arda/miniconda3/envs/distillation/lib/python3.10/site-packages/lightning/pytorch/utilities/combined_loader.py", line 78, in __next__
[rank0]:     out[i] = next(self.iterators[i])
[rank0]:   File "/home/arda/miniconda3/envs/distillation/lib/python3.10/site-packages/torch/utils/data/dataloader.py", line 701, in __next__
[rank0]:     data = self._next_data()
[rank0]:   File "/home/arda/miniconda3/envs/distillation/lib/python3.10/site-packages/torch/utils/data/dataloader.py", line 1448, in _next_data
[rank0]:     idx, data = self._get_data()
[rank0]:   File "/home/arda/miniconda3/envs/distillation/lib/python3.10/site-packages/torch/utils/data/dataloader.py", line 1412, in _get_data
[rank0]:     success, data = self._try_get_data()
[rank0]:   File "/home/arda/miniconda3/envs/distillation/lib/python3.10/site-packages/torch/utils/data/dataloader.py", line 1256, in _try_get_data
[rank0]:     raise RuntimeError(
[rank0]: RuntimeError: DataLoader worker (pid(s) 4038531) exited unexpectedly
